0 info it worked if it ends with ok
1 verbose cli [ '/usr/local/bin/node', '/usr/local/bin/npm', 'publish' ]
2 info using npm@3.10.3
3 info using node@v4.4.4
4 verbose publish [ '.' ]
5 silly cache add args [ '.', null ]
6 verbose cache add spec .
7 silly cache add parsed spec Result {
7 silly cache add   raw: '.',
7 silly cache add   scope: null,
7 silly cache add   escapedName: null,
7 silly cache add   name: null,
7 silly cache add   rawSpec: '.',
7 silly cache add   spec: '/Users/nicholastancredi/npm-pure-packages/dependency-injector',
7 silly cache add   type: 'directory' }
8 verbose addLocalDirectory /Users/nicholastancredi/.npm/npm-dependency-injector/0.0.1/package.tgz not in flight; packing
9 verbose correctMkdir /Users/nicholastancredi/.npm correctMkdir not in flight; initializing
10 info lifecycle npm-dependency-injector@0.0.1~prepublish: npm-dependency-injector@0.0.1
11 silly lifecycle npm-dependency-injector@0.0.1~prepublish: no script for prepublish, continuing
12 verbose tar pack [ '/Users/nicholastancredi/.npm/npm-dependency-injector/0.0.1/package.tgz',
12 verbose tar pack   '/Users/nicholastancredi/npm-pure-packages/dependency-injector' ]
13 verbose tarball /Users/nicholastancredi/.npm/npm-dependency-injector/0.0.1/package.tgz
14 verbose folder /Users/nicholastancredi/npm-pure-packages/dependency-injector
15 verbose addLocalTarball adding from inside cache /Users/nicholastancredi/.npm/npm-dependency-injector/0.0.1/package.tgz
16 verbose correctMkdir /Users/nicholastancredi/.npm correctMkdir not in flight; initializing
17 silly cache afterAdd npm-dependency-injector@0.0.1
18 verbose afterAdd /Users/nicholastancredi/.npm/npm-dependency-injector/0.0.1/package/package.json not in flight; writing
19 verbose correctMkdir /Users/nicholastancredi/.npm correctMkdir not in flight; initializing
20 verbose afterAdd /Users/nicholastancredi/.npm/npm-dependency-injector/0.0.1/package/package.json written
21 silly publish { name: 'npm-dependency-injector',
21 silly publish   version: '0.0.1',
21 silly publish   description: 'Dependecy injector for pure functional npm modules.',
21 silly publish   main: 'index.js',
21 silly publish   scripts: { test: 'echo "Error: no test specified" && exit 1' },
21 silly publish   repository:
21 silly publish    { type: 'git',
21 silly publish      url: 'git+https://github.com/w0251251/dependency-injector.git' },
21 silly publish   keywords: [ 'dependecy' ],
21 silly publish   author: { name: 'nicholas tancredi' },
21 silly publish   license: 'ISC',
21 silly publish   bugs: { url: 'https://github.com/w0251251/dependency-injector/issues' },
21 silly publish   homepage: 'https://github.com/w0251251/dependency-injector#readme',
21 silly publish   dependencies: { 'uuid-v4': '^0.1.0' },
21 silly publish   readme: '# npm-dependency-injector\n## Dependecy injector for pure functional npm modules.\n### installation\nnpm install --save npm-dependency-injector\n### usage\n#### NOTE: node_modules/uuid-v4 is only for the example.\nRequire your ```package.json``` file as the first\nargument and your modules root function as the second argument followed\nby any additional arguments.\n#### ./index.js\n```javascript\nvar dependencyInjector = require(\'npm-dependency-injector\'),\n    packageJSON = require(\'./package.json\'),\n    exampleFunction = require(\'./exampleFunction.js\');\n\nmodule.exports = dependencyInjector(\n    packageJSON,\n    exampleFunction\n);\n```\n#### ./exampleFunction.js\n```javascript\nmodule.exports = function(dependencies) {\n    var uuid = dependencies[\'uuid-v4\'];\n    return uuid();\n};\n```\n',
21 silly publish   readmeFilename: 'README.md',
21 silly publish   gitHead: '4e347fcb1d89e4df2fbc6c72e3510ff52f983968',
21 silly publish   _id: 'npm-dependency-injector@0.0.1',
21 silly publish   _shasum: '6b34397cb7fe671812080b41aefffe4ffec14570',
21 silly publish   _from: '.' }
22 verbose getPublishConfig undefined
23 silly mapToRegistry name npm-dependency-injector
24 silly mapToRegistry using default registry
25 silly mapToRegistry registry https://registry.npmjs.org/
26 silly mapToRegistry data Result {
26 silly mapToRegistry   raw: 'npm-dependency-injector',
26 silly mapToRegistry   scope: null,
26 silly mapToRegistry   escapedName: 'npm-dependency-injector',
26 silly mapToRegistry   name: 'npm-dependency-injector',
26 silly mapToRegistry   rawSpec: '',
26 silly mapToRegistry   spec: 'latest',
26 silly mapToRegistry   type: 'tag' }
27 silly mapToRegistry uri https://registry.npmjs.org/npm-dependency-injector
28 verbose publish registryBase https://registry.npmjs.org/
29 silly publish uploading /Users/nicholastancredi/.npm/npm-dependency-injector/0.0.1/package.tgz
30 verbose request uri https://registry.npmjs.org/npm-dependency-injector
31 verbose request sending authorization for write operation
32 info attempt registry request try #1 at 10:49:13 PM
33 verbose request using bearer token for auth
34 verbose request id f9ca041081d8be28
35 http request PUT https://registry.npmjs.org/npm-dependency-injector
36 http 403 https://registry.npmjs.org/npm-dependency-injector
37 verbose headers { 'content-type': 'application/json',
37 verbose headers   'cache-control': 'max-age=300',
37 verbose headers   'content-length': '95',
37 verbose headers   'accept-ranges': 'bytes',
37 verbose headers   date: 'Fri, 28 Oct 2016 02:49:14 GMT',
37 verbose headers   via: '1.1 varnish',
37 verbose headers   connection: 'keep-alive',
37 verbose headers   'x-served-by': 'cache-yyz8332-YYZ',
37 verbose headers   'x-cache': 'MISS',
37 verbose headers   'x-cache-hits': '0',
37 verbose headers   'x-timer': 'S1477622953.794946,VS0,VE414',
37 verbose headers   vary: 'Accept-Encoding' }
38 verbose request invalidating /Users/nicholastancredi/.npm/registry.npmjs.org/npm-dependency-injector on PUT
39 error publish Failed PUT 403
40 verbose stack Error: "You cannot publish over the previously published version 0.0.1." : npm-dependency-injector
40 verbose stack     at makeError (/usr/local/lib/node_modules/npm/node_modules/npm-registry-client/lib/request.js:264:12)
40 verbose stack     at CachingRegistryClient.<anonymous> (/usr/local/lib/node_modules/npm/node_modules/npm-registry-client/lib/request.js:252:14)
40 verbose stack     at Request._callback (/usr/local/lib/node_modules/npm/node_modules/npm-registry-client/lib/request.js:172:14)
40 verbose stack     at Request.self.callback (/usr/local/lib/node_modules/npm/node_modules/request/request.js:200:22)
40 verbose stack     at emitTwo (events.js:87:13)
40 verbose stack     at Request.emit (events.js:172:7)
40 verbose stack     at Request.<anonymous> (/usr/local/lib/node_modules/npm/node_modules/request/request.js:1067:10)
40 verbose stack     at emitOne (events.js:82:20)
40 verbose stack     at Request.emit (events.js:169:7)
40 verbose stack     at IncomingMessage.<anonymous> (/usr/local/lib/node_modules/npm/node_modules/request/request.js:988:12)
41 verbose statusCode 403
42 verbose pkgid npm-dependency-injector
43 verbose cwd /Users/nicholastancredi/npm-pure-packages/dependency-injector
44 error Darwin 15.6.0
45 error argv "/usr/local/bin/node" "/usr/local/bin/npm" "publish"
46 error node v4.4.4
47 error npm  v3.10.3
48 error code E403
49 error "You cannot publish over the previously published version 0.0.1." : npm-dependency-injector
50 error If you need help, you may report this error at:
50 error     <https://github.com/npm/npm/issues>
51 verbose exit [ 1, true ]
